<?xml version="1.0" encoding="UTF-8"?>
<!-- Generated by org.testng.reporters.JUnitReportReporter -->
<testsuite hostname="DESKTOP-K0SRPQN" failures="0" tests="3" name="Demp.Maven.CsvTest" time="73.722" errors="0" timestamp="2020-05-19T11:57:14 IST" skipped="0">
  <testcase classname="Demp.Maven.CsvTest" name="qualitativeClassification" time="19.748"/>
  <testcase classname="Demp.Maven.CsvTest" name="login" time="48.993"/>
  <testcase classname="Demp.Maven.CsvTest" name="landingPage" time="4.981"/>
</testsuite> <!-- Demp.Maven.CsvTest -->
