<?xml version="1.0" encoding="UTF-8"?>
<!-- Generated by org.testng.reporters.JUnitReportReporter -->
<testsuite hostname="DESKTOP-K0SRPQN" failures="0" tests="1" name="Demp.Maven.GeojsonTest" time="128.831" errors="0" timestamp="2020-05-19T12:48:03 IST" skipped="0">
  <testcase classname="Demp.Maven.GeojsonTest" name="GeojsonFile" time="128.831"/>
</testsuite> <!-- Demp.Maven.GeojsonTest -->
