<?xml version="1.0" encoding="UTF-8"?>
<!-- Generated by org.testng.reporters.JUnitReportReporter -->
<testsuite hostname="DESKTOP-K0SRPQN" failures="0" tests="1" name="Demp.Maven.IndianStateFileTest" time="0.000" errors="0" timestamp="2020-05-26T21:05:01 IST" skipped="1">
  <testcase classname="Demp.Maven.IndianStateFileTest" name="indianStateFile" time="0.000">
    <skipped/>
  </testcase> <!-- indianStateFile -->
</testsuite> <!-- Demp.Maven.IndianStateFileTest -->
