<?xml version="1.0" encoding="UTF-8"?>
<!-- Generated by org.testng.reporters.JUnitReportReporter -->
<testsuite hostname="DESKTOP-K0SRPQN" failures="0" tests="2" name="Demp.Maven.MapDataLab1Test" time="17.911" errors="0" timestamp="2020-05-13T22:07:58 IST" skipped="0">
  <testcase classname="Demp.Maven.MapDataLab1Test" name="GeojsonFile" time="6.676"/>
  <testcase classname="Demp.Maven.MapDataLab1Test" name="loginCredentials" time="11.235"/>
</testsuite> <!-- Demp.Maven.MapDataLab1Test -->
