<?xml version="1.0" encoding="UTF-8"?>
<!-- Generated by org.testng.reporters.JUnitReportReporter -->
<testsuite hostname="DESKTOP-K0SRPQN" failures="0" tests="1" name="Demp.Maven.AppTest" time="0.005" errors="0" timestamp="2020-05-31T23:49:40 IST" skipped="0">
  <testcase classname="Demp.Maven.AppTest" name="shouldAnswerWithTrue" time="0.005"/>
</testsuite> <!-- Demp.Maven.AppTest -->
